#
# A fatal error has been detected by the Java Runtime Environment:
#
#  Internal Error (javaClasses.cpp:126), pid=7532, tid=7260
#  fatal error: Invalid layout of preloaded class
#
# JRE version:  (8.0_20-b26) (build )
# Java VM: Java HotSpot(TM) 64-Bit Server VM (25.20-b23 mixed mode windows-amd64 compressed oops)
# Failed to write core dump. Minidumps are not enabled by default on client versions of Windows
#
# If you would like to submit a bug report, please visit:
#   http://bugreport.sun.com/bugreport/crash.jsp
#

---------------  T H R E A D  ---------------

Current thread (0x0000000002d10800):  JavaThread "Unknown thread" [_thread_in_vm, id=7260, stack(0x0000000002f50000,0x0000000003050000)]

Stack: [0x0000000002f50000,0x0000000003050000]
Native frames: (J=compiled Java code, j=interpreted, Vv=VM code, C=native code)
V  [jvm.dll+0x3152fa]
V  [jvm.dll+0x265d03]
V  [jvm.dll+0x266943]
V  [jvm.dll+0x25e1e6]
V  [jvm.dll+0x5e64c]
V  [jvm.dll+0x5e743]
V  [jvm.dll+0x7316a]
V  [jvm.dll+0x734c8]
V  [jvm.dll+0xe3937]
V  [jvm.dll+0xe3cc6]
V  [jvm.dll+0x1f89d7]
V  [jvm.dll+0x229fc4]
V  [jvm.dll+0x14c6f1]
C  [javaw.exe+0x20c6]
C  [javaw.exe+0xc9eb]
C  [javaw.exe+0xca7f]
C  [KERNEL32.DLL+0x16ad]
C  [ntdll.dll+0x54409]


---------------  P R O C E S S  ---------------

Java Threads: ( => current thread )

Other Threads:

=>0x0000000002d10800 (exited) JavaThread "Unknown thread" [_thread_in_vm, id=7260, stack(0x0000000002f50000,0x0000000003050000)]

VM state:not at safepoint (not fully initialized)

VM Mutex/Monitor currently owned by a thread: None

GC Heap History (0 events):
No events

Deoptimization events (0 events):
No events

Internal exceptions (0 events):
No events

Events (10 events):
Event: 0.646 loading class java/lang/CharSequence done
Event: 0.647 loading class java/lang/String done
Event: 0.647 loading class java/lang/Class
Event: 0.647 loading class java/lang/reflect/AnnotatedElement
Event: 0.647 loading class java/lang/reflect/AnnotatedElement done
Event: 0.647 loading class java/lang/reflect/GenericDeclaration
Event: 0.647 loading class java/lang/reflect/GenericDeclaration done
Event: 0.647 loading class java/lang/reflect/Type
Event: 0.647 loading class java/lang/reflect/Type done
Event: 0.647 loading class java/lang/Class done


Dynamic libraries:
0x00007ff6d4e40000 - 0x00007ff6d4e74000 	C:\Program Files\Java\jre1.8.0_20\bin\javaw.exe
0x00007ff9410d0000 - 0x00007ff941276000 	C:\Windows\SYSTEM32\ntdll.dll
0x00007ff940e40000 - 0x00007ff940f7a000 	C:\Windows\system32\KERNEL32.DLL
0x00007ff93e620000 - 0x00007ff93e72f000 	C:\Windows\system32\KERNELBASE.dll
0x00007ff93cfd0000 - 0x00007ff93d058000 	C:\Windows\system32\apphelp.dll
0x00007ff92b8c0000 - 0x00007ff92b90f000 	C:\Windows\AppPatch\AppPatch64\AcGenral.DLL
0x00007ff93f5a0000 - 0x00007ff93f647000 	C:\Windows\system32\msvcrt.dll
0x00007ff93e180000 - 0x00007ff93e1ab000 	C:\Windows\SYSTEM32\SspiCli.dll
0x00007ff93e960000 - 0x00007ff93e9b1000 	C:\Windows\system32\SHLWAPI.dll
0x00007ff93f210000 - 0x00007ff93f381000 	C:\Windows\system32\USER32.dll
0x00007ff940cc0000 - 0x00007ff940e38000 	C:\Windows\system32\ole32.dll
0x00007ff93f650000 - 0x00007ff940a5f000 	C:\Windows\system32\SHELL32.dll
0x00007ff93d9b0000 - 0x00007ff93d9ce000 	C:\Windows\SYSTEM32\USERENV.dll
0x00007ff940a60000 - 0x00007ff940b05000 	C:\Windows\system32\ADVAPI32.dll
0x00007ff93acf0000 - 0x00007ff93ad0b000 	C:\Windows\SYSTEM32\MPR.dll
0x00007ff93f460000 - 0x00007ff93f597000 	C:\Windows\system32\RPCRT4.dll
0x00007ff93ec00000 - 0x00007ff93ec57000 	C:\Windows\SYSTEM32\sechost.dll
0x00007ff93ea20000 - 0x00007ff93ebf6000 	C:\Windows\SYSTEM32\combase.dll
0x00007ff940f80000 - 0x00007ff9410c4000 	C:\Windows\system32\GDI32.dll
0x00007ff93e450000 - 0x00007ff93e464000 	C:\Windows\SYSTEM32\profapi.dll
0x00007ff93c6a0000 - 0x00007ff93c73f000 	C:\Windows\SYSTEM32\SHCORE.dll
0x00007ff93ec80000 - 0x00007ff93ecb4000 	C:\Windows\system32\IMM32.DLL
0x00007ff940b10000 - 0x00007ff940c49000 	C:\Windows\system32\MSCTF.dll
0x00007ff92ff70000 - 0x00007ff92ff8d000 	C:\PROGRA~2\SupTab\SEARCH~2.DLL
0x00007ff93b370000 - 0x00007ff93b5ca000 	C:\Windows\WinSxS\amd64_microsoft.windows.common-controls_6595b64144ccf1df_6.0.9600.17031_none_6242a4b3ecbb55a1\COMCTL32.dll
0x0000000056350000 - 0x0000000056422000 	C:\Program Files\Java\jre1.8.0_20\bin\msvcr100.dll
0x0000000055af0000 - 0x0000000056348000 	C:\Program Files\Java\jre1.8.0_20\bin\server\jvm.dll
0x00007ff9377a0000 - 0x00007ff9377a9000 	C:\Windows\SYSTEM32\WSOCK32.dll
0x00007ff939af0000 - 0x00007ff939b0f000 	C:\Windows\SYSTEM32\WINMM.dll
0x00007ff93f200000 - 0x00007ff93f207000 	C:\Windows\system32\PSAPI.DLL
0x00007ff940c50000 - 0x00007ff940ca8000 	C:\Windows\system32\WS2_32.dll
0x00007ff938a30000 - 0x00007ff938a5a000 	C:\Windows\SYSTEM32\WINMMBASE.dll
0x00007ff93f3a0000 - 0x00007ff93f3a9000 	C:\Windows\system32\NSI.dll
0x00007ff93e730000 - 0x00007ff93e77a000 	C:\Windows\SYSTEM32\cfgmgr32.dll
0x00007ff93d220000 - 0x00007ff93d246000 	C:\Windows\SYSTEM32\DEVOBJ.dll
0x0000000055ae0000 - 0x0000000055aef000 	C:\Program Files\Java\jre1.8.0_20\bin\verify.dll
0x0000000055ab0000 - 0x0000000055ad8000 	C:\Program Files\Java\jre1.8.0_20\bin\java.dll
0x0000000055a90000 - 0x0000000055aa6000 	C:\Program Files\Java\jre1.8.0_20\bin\zip.dll
0x00007ff93ad30000 - 0x00007ff93aeb8000 	C:\Windows\SYSTEM32\dbghelp.dll

VM Arguments:
jvm_args: -Dfile.encoding=Cp1252 -Xbootclasspath:C:\Development\Android\adt-bundle-windows-x86_64-20140321\sdk\platforms\android-15\android.jar 
java_command: org.eclipse.jdt.internal.junit.runner.RemoteTestRunner -version 3 -port 53784 -testLoaderClass org.eclipse.jdt.internal.junit4.runner.JUnit4TestLoader -loaderpluginname org.eclipse.jdt.junit4.runtime -classNames com.csir.tests.OwnerDetailsTest
java_class_path (initial): C:\Users\Jay\Documents\new Work Adnroid\OpenCV Library - 2.4.9\bin\opencv library - 2.4.9.jar;C:\Development\Android\adt-bundle-windows-x86_64-20140321\sdk\tools\support\annotations.jar;C:\Users\Jay\Documents\GitHub\The_Gruners\3. Implementation Phase\Android Opencv\Splash\bin\classes;C:\Development\Android\eclipse\plugins\org.junit_4.8.2.v4_8_2_v20110321-1705\junit.jar;C:\Development\Android\eclipse\plugins\org.hamcrest.core_1.1.0.v20090501071000.jar;/C:/Development/Android/eclipse/configuration/org.eclipse.osgi/bundles/329/1/.cp/;/C:/Development/Android/eclipse/configuration/org.eclipse.osgi/bundles/327/1/.cp/;/C:/Development/Android/eclipse/configuration/org.eclipse.osgi/bundles/328/1/.cp/
Launcher Type: SUN_STANDARD

Environment Variables:
PATH=C:\Program Files (x86)\NVIDIA Corporation\PhysX\Common;C:\ProgramData\Oracle\Java\javapath;C:\Windows\system32;C:\Windows;C:\Windows\System32\Wbem;C:\Windows\System32\WindowsPowerShell\v1.0\;C:\Program Files (x86)\MiKTeX 2.9\miktex\bin\;C:\Program Files (x86)\MySQL\MySQL Utilities 1.3.6\;C:\Program Files (x86)\Windows Live\Shared;C:\Development\Android\android-ndk-r9d;C:\cygwin\bin;C:\Development\Android\android-ndk-r9d\ndk-build;C:\Program Files (x86)\Heroku\bin;C:\Program Files (x86)\git\cmd;C:\Program Files\MySQL\MySQL Server 5.6\bin;C:\Program Files\Java\jre1.8.0_20\bin
USERNAME=Jay
OS=Windows_NT
PROCESSOR_IDENTIFIER=Intel64 Family 6 Model 42 Stepping 7, GenuineIntel



---------------  S Y S T E M  ---------------

OS: Windows 8.1 , 64 bit Build 9600 

CPU:total 4 (2 cores per cpu, 2 threads per core) family 6 model 42 stepping 7, cmov, cx8, fxsr, mmx, sse, sse2, sse3, ssse3, sse4.1, sse4.2, popcnt, avx, clmul, ht, tsc, tscinvbit

Memory: 4k page, physical 4140908k(852080k free), swap 9594520k(2076676k free)

vm_info: Java HotSpot(TM) 64-Bit Server VM (25.20-b23) for windows-amd64 JRE (1.8.0_20-b26), built on Jul 30 2014 13:51:23 by "java_re" with MS VC++ 10.0 (VS2010)

time: Sun Oct 19 17:02:54 2014
elapsed time: 1 seconds (0d 0h 0m 1s)

